<?xml version="1.0" encoding="UTF-8"?>
<testng-results ignored="0" total="2" passed="2" failed="0" skipped="0">
  <reporter-output>
  </reporter-output>
  <suite started-at="2024-11-27T17:25:59 CET" name="Suite" finished-at="2024-11-27T17:26:21 CET" duration-ms="21931">
    <groups>
      <group name="Master">
        <method signature="TC001_AccountRegTest.validate_Account_Reg()[pri:0, instance:testCases.TC001_AccountRegTest@6c8bca63]" name="validate_Account_Reg" class="testCases.TC001_AccountRegTest"/>
        <method signature="TC002_LoginTest.verify_Login()[pri:0, instance:testCases.TC002_LoginTest@3f1c5af9]" name="verify_Login" class="testCases.TC002_LoginTest"/>
      </group> <!-- Master -->
      <group name="Sanity">
        <method signature="TC002_LoginTest.verify_Login()[pri:0, instance:testCases.TC002_LoginTest@3f1c5af9]" name="verify_Login" class="testCases.TC002_LoginTest"/>
      </group> <!-- Sanity -->
      <group name="Regression">
        <method signature="TC001_AccountRegTest.validate_Account_Reg()[pri:0, instance:testCases.TC001_AccountRegTest@6c8bca63]" name="validate_Account_Reg" class="testCases.TC001_AccountRegTest"/>
      </group> <!-- Regression -->
    </groups>
    <test started-at="2024-11-27T17:25:59 CET" name="Test" finished-at="2024-11-27T17:26:21 CET" duration-ms="21931">
      <class name="testCases.TC002_LoginTest">
        <test-method is-config="true" signature="setup(java.lang.String,java.lang.String)[pri:0, instance:testCases.TC002_LoginTest@3f1c5af9]" started-at="2024-11-27T17:26:12 CET" name="setup" finished-at="2024-11-27T17:26:18 CET" duration-ms="6445" status="PASS">
          <params>
            <param index="0">
              <value>
                <![CDATA[windows]]>
              </value>
            </param>
            <param index="1">
              <value>
                <![CDATA[chrome]]>
              </value>
            </param>
          </params>
          <reporter-output>
          </reporter-output>
        </test-method> <!-- setup -->
        <test-method signature="verify_Login()[pri:0, instance:testCases.TC002_LoginTest@3f1c5af9]" started-at="2024-11-27T17:26:18 CET" name="verify_Login" finished-at="2024-11-27T17:26:20 CET" duration-ms="1797" status="PASS">
          <reporter-output>
          </reporter-output>
        </test-method> <!-- verify_Login -->
        <test-method is-config="true" signature="teardown()[pri:0, instance:testCases.TC002_LoginTest@3f1c5af9]" started-at="2024-11-27T17:26:20 CET" name="teardown" finished-at="2024-11-27T17:26:21 CET" duration-ms="896" status="PASS">
          <reporter-output>
          </reporter-output>
        </test-method> <!-- teardown -->
      </class> <!-- testCases.TC002_LoginTest -->
      <class name="testCases.TC001_AccountRegTest">
        <test-method is-config="true" signature="setup(java.lang.String,java.lang.String)[pri:0, instance:testCases.TC001_AccountRegTest@6c8bca63]" started-at="2024-11-27T17:25:59 CET" name="setup" finished-at="2024-11-27T17:26:08 CET" duration-ms="8466" status="PASS">
          <params>
            <param index="0">
              <value>
                <![CDATA[windows]]>
              </value>
            </param>
            <param index="1">
              <value>
                <![CDATA[chrome]]>
              </value>
            </param>
          </params>
          <reporter-output>
          </reporter-output>
        </test-method> <!-- setup -->
        <test-method signature="validate_Account_Reg()[pri:0, instance:testCases.TC001_AccountRegTest@6c8bca63]" started-at="2024-11-27T17:26:08 CET" name="validate_Account_Reg" finished-at="2024-11-27T17:26:11 CET" duration-ms="2655" status="PASS">
          <reporter-output>
          </reporter-output>
        </test-method> <!-- validate_Account_Reg -->
        <test-method is-config="true" signature="teardown()[pri:0, instance:testCases.TC001_AccountRegTest@6c8bca63]" started-at="2024-11-27T17:26:11 CET" name="teardown" finished-at="2024-11-27T17:26:12 CET" duration-ms="856" status="PASS">
          <reporter-output>
          </reporter-output>
        </test-method> <!-- teardown -->
      </class> <!-- testCases.TC001_AccountRegTest -->
    </test> <!-- Test -->
  </suite> <!-- Suite -->
</testng-results>
