<?xml version="1.0" encoding="UTF-8"?>
<testsuite xmlns:xsi="http://www.w3.org/2001/XMLSchema-instance" xsi:noNamespaceSchemaLocation="https://maven.apache.org/surefire/maven-surefire-plugin/xsd/surefire-test-report-3.0.xsd" version="3.0" name="TestSuite" time="24.887" tests="2" errors="0" skipped="0" failures="0">
  <properties>
[...]
</properties>
  <testcase name="validate_Account_Reg" classname="testCases.TC001_AccountRegTest" time="2.685">
    <system-out><![CDATA[ERROR StatusConsoleListener Console contains an invalid element or attribute "targets"
ERROR StatusConsoleListener File contains an invalid element or attribute "JsonTemplateLayout"
test started.......
Your Account Has Been Created!
]]></system-out>
    <system-err><![CDATA[Nov 27, 2024 5:26:05 P.M. org.openqa.selenium.devtools.CdpVersionFinder findNearestMatch
WARNING: Unable to find an exact match for CDP version 131, returning the closest version; found: 130; Please update to a Selenium version that supports CDP version 131
]]></system-err>
  </testcase>
  <testcase name="verify_Login" classname="testCases.TC002_LoginTest" time="1.798">
    <system-out><![CDATA[test started.......
started
login done
true
]]></system-out>
    <system-err><![CDATA[Nov 27, 2024 5:26:15 P.M. org.openqa.selenium.devtools.CdpVersionFinder findNearestMatch
WARNING: Unable to find an exact match for CDP version 131, returning the closest version; found: 130; Please update to a Selenium version that supports CDP version 131
]]></system-err>
  </testcase>
</testsuite>