<?xml version="1.0" encoding="UTF-8"?>
<testng-results ignored="0" total="2" passed="2" failed="0" skipped="0">
  <reporter-output>
  </reporter-output>
  <suite started-at="2024-11-24T16:29:16 CET" name="Suite" finished-at="2024-11-24T16:29:33 CET" duration-ms="17484">
    <groups>
      <group name="Master">
        <method signature="TC001_AccountRegTest.validate_Account_Reg()[pri:0, instance:testCases.TC001_AccountRegTest@3efe7086]" name="validate_Account_Reg" class="testCases.TC001_AccountRegTest"/>
        <method signature="TC002_LoginTest.verify_Login()[pri:0, instance:testCases.TC002_LoginTest@45be7cd5]" name="verify_Login" class="testCases.TC002_LoginTest"/>
      </group> <!-- Master -->
      <group name="Sanity">
        <method signature="TC002_LoginTest.verify_Login()[pri:0, instance:testCases.TC002_LoginTest@45be7cd5]" name="verify_Login" class="testCases.TC002_LoginTest"/>
      </group> <!-- Sanity -->
      <group name="Regression">
        <method signature="TC001_AccountRegTest.validate_Account_Reg()[pri:0, instance:testCases.TC001_AccountRegTest@3efe7086]" name="validate_Account_Reg" class="testCases.TC001_AccountRegTest"/>
      </group> <!-- Regression -->
    </groups>
    <test started-at="2024-11-24T16:29:16 CET" name="Test" finished-at="2024-11-24T16:29:33 CET" duration-ms="17484">
      <class name="testCases.TC002_LoginTest">
        <test-method is-config="true" signature="setup(java.lang.String,java.lang.String)[pri:0, instance:testCases.TC002_LoginTest@45be7cd5]" started-at="2024-11-24T16:29:26 CET" name="setup" finished-at="2024-11-24T16:29:31 CET" duration-ms="5145" status="PASS">
          <params>
            <param index="0">
              <value>
                <![CDATA[windows]]>
              </value>
            </param>
            <param index="1">
              <value>
                <![CDATA[chrome]]>
              </value>
            </param>
          </params>
          <reporter-output>
          </reporter-output>
        </test-method> <!-- setup -->
        <test-method signature="verify_Login()[pri:0, instance:testCases.TC002_LoginTest@45be7cd5]" started-at="2024-11-24T16:29:31 CET" name="verify_Login" finished-at="2024-11-24T16:29:32 CET" duration-ms="1569" status="PASS">
          <reporter-output>
          </reporter-output>
        </test-method> <!-- verify_Login -->
        <test-method is-config="true" signature="teardown()[pri:0, instance:testCases.TC002_LoginTest@45be7cd5]" started-at="2024-11-24T16:29:32 CET" name="teardown" finished-at="2024-11-24T16:29:33 CET" duration-ms="818" status="PASS">
          <reporter-output>
          </reporter-output>
        </test-method> <!-- teardown -->
      </class> <!-- testCases.TC002_LoginTest -->
      <class name="testCases.TC001_AccountRegTest">
        <test-method is-config="true" signature="setup(java.lang.String,java.lang.String)[pri:0, instance:testCases.TC001_AccountRegTest@3efe7086]" started-at="2024-11-24T16:29:16 CET" name="setup" finished-at="2024-11-24T16:29:22 CET" duration-ms="5971" status="PASS">
          <params>
            <param index="0">
              <value>
                <![CDATA[windows]]>
              </value>
            </param>
            <param index="1">
              <value>
                <![CDATA[chrome]]>
              </value>
            </param>
          </params>
          <reporter-output>
          </reporter-output>
        </test-method> <!-- setup -->
        <test-method signature="validate_Account_Reg()[pri:0, instance:testCases.TC001_AccountRegTest@3efe7086]" started-at="2024-11-24T16:29:22 CET" name="validate_Account_Reg" finished-at="2024-11-24T16:29:25 CET" duration-ms="2512" status="PASS">
          <reporter-output>
          </reporter-output>
        </test-method> <!-- validate_Account_Reg -->
        <test-method is-config="true" signature="teardown()[pri:0, instance:testCases.TC001_AccountRegTest@3efe7086]" started-at="2024-11-24T16:29:25 CET" name="teardown" finished-at="2024-11-24T16:29:26 CET" duration-ms="903" status="PASS">
          <reporter-output>
          </reporter-output>
        </test-method> <!-- teardown -->
      </class> <!-- testCases.TC001_AccountRegTest -->
    </test> <!-- Test -->
  </suite> <!-- Suite -->
</testng-results>
